<?xml version="1.0" encoding="UTF-8"?>
<coverage generated="1697360265778" clover="3.2.0">
  <project timestamp="1697360265778" name="All files">
    <metrics statements="83" coveredstatements="81" conditionals="23" coveredconditionals="18" methods="13" coveredmethods="13" elements="119" coveredelements="112" complexity="0" loc="83" ncloc="83" packages="2" files="4" classes="4"/>
    <package name="src">
      <metrics statements="33" coveredstatements="31" conditionals="23" coveredconditionals="18" methods="7" coveredmethods="7"/>
      <file name="index.ts" path="/media/deepx/deepx/documents/projects/@fastest-express-validator/src/index.ts">
        <metrics statements="33" coveredstatements="31" conditionals="23" coveredconditionals="18" methods="7" coveredmethods="7"/>
        <line num="2" count="1" type="stmt"/>
        <line num="3" count="1" type="stmt"/>
        <line num="4" count="1" type="stmt"/>
        <line num="5" count="1" type="stmt"/>
        <line num="6" count="1" type="stmt"/>
        <line num="7" count="5" type="stmt"/>
        <line num="8" count="11" type="stmt"/>
        <line num="11" count="1" type="stmt"/>
        <line num="12" count="5" type="cond" truecount="3" falsecount="2"/>
        <line num="18" count="11" type="cond" truecount="0" falsecount="1"/>
        <line num="22" count="1" type="stmt"/>
        <line num="23" count="1" type="stmt"/>
        <line num="29" count="1" type="cond" truecount="1" falsecount="0"/>
        <line num="33" count="5" type="stmt"/>
        <line num="34" count="11" type="cond" truecount="2" falsecount="0"/>
        <line num="35" count="11" type="stmt"/>
        <line num="36" count="11" type="stmt"/>
        <line num="41" count="11" type="cond" truecount="4" falsecount="0"/>
        <line num="42" count="5" type="stmt"/>
        <line num="43" count="7" type="cond" truecount="1" falsecount="1"/>
        <line num="44" count="0" type="stmt"/>
        <line num="45" count="7" type="stmt"/>
        <line num="46" count="7" type="cond" truecount="2" falsecount="0"/>
        <line num="47" count="3" type="stmt"/>
        <line num="55" count="6" type="cond" truecount="1" falsecount="1"/>
        <line num="56" count="0" type="stmt"/>
        <line num="57" count="6" type="stmt"/>
        <line num="58" count="6" type="cond" truecount="2" falsecount="0"/>
        <line num="59" count="3" type="stmt"/>
        <line num="63" count="5" type="stmt"/>
        <line num="66" count="1" type="stmt"/>
        <line num="67" count="2" type="cond" truecount="1" falsecount="0"/>
        <line num="68" count="1" type="stmt"/>
      </file>
    </package>
    <package name="src.tests">
      <metrics statements="50" coveredstatements="50" conditionals="0" coveredconditionals="0" methods="6" coveredmethods="6"/>
      <file name="app.mock.ts" path="/media/deepx/deepx/documents/projects/@fastest-express-validator/src/tests/app.mock.ts">
        <metrics statements="5" coveredstatements="5" conditionals="0" coveredconditionals="0" methods="0" coveredmethods="0"/>
        <line num="2" count="1" type="stmt"/>
        <line num="3" count="1" type="stmt"/>
        <line num="4" count="1" type="stmt"/>
        <line num="5" count="1" type="stmt"/>
        <line num="20" count="1" type="stmt"/>
      </file>
      <file name="app.ts" path="/media/deepx/deepx/documents/projects/@fastest-express-validator/src/tests/app.ts">
        <metrics statements="32" coveredstatements="32" conditionals="0" coveredconditionals="0" methods="6" coveredmethods="6"/>
        <line num="2" count="1" type="stmt"/>
        <line num="3" count="1" type="stmt"/>
        <line num="4" count="1" type="stmt"/>
        <line num="5" count="1" type="stmt"/>
        <line num="6" count="1" type="stmt"/>
        <line num="7" count="1" type="stmt"/>
        <line num="8" count="1" type="stmt"/>
        <line num="9" count="1" type="stmt"/>
        <line num="10" count="1" type="stmt"/>
        <line num="11" count="1" type="stmt"/>
        <line num="12" count="2" type="stmt"/>
        <line num="13" count="2" type="stmt"/>
        <line num="15" count="1" type="stmt"/>
        <line num="16" count="1" type="stmt"/>
        <line num="17" count="1" type="stmt"/>
        <line num="21" count="1" type="stmt"/>
        <line num="22" count="1" type="stmt"/>
        <line num="23" count="1" type="stmt"/>
        <line num="24" count="1" type="stmt"/>
        <line num="30" count="1" type="stmt"/>
        <line num="31" count="1" type="stmt"/>
        <line num="32" count="1" type="stmt"/>
        <line num="36" count="1" type="stmt"/>
        <line num="37" count="1" type="stmt"/>
        <line num="38" count="1" type="stmt"/>
        <line num="39" count="1" type="stmt"/>
        <line num="40" count="1" type="stmt"/>
        <line num="47" count="1" type="stmt"/>
        <line num="48" count="1" type="stmt"/>
        <line num="49" count="1" type="stmt"/>
        <line num="50" count="1" type="stmt"/>
        <line num="52" count="1" type="stmt"/>
      </file>
      <file name="validationMiddleware.ts" path="/media/deepx/deepx/documents/projects/@fastest-express-validator/src/tests/validationMiddleware.ts">
        <metrics statements="13" coveredstatements="13" conditionals="0" coveredconditionals="0" methods="0" coveredmethods="0"/>
        <line num="2" count="1" type="stmt"/>
        <line num="3" count="1" type="stmt"/>
        <line num="4" count="1" type="stmt"/>
        <line num="5" count="1" type="stmt"/>
        <line num="9" count="1" type="stmt"/>
        <line num="15" count="1" type="stmt"/>
        <line num="19" count="1" type="stmt"/>
        <line num="31" count="1" type="stmt"/>
        <line num="39" count="1" type="stmt"/>
        <line num="42" count="1" type="stmt"/>
        <line num="43" count="1" type="stmt"/>
        <line num="46" count="1" type="stmt"/>
        <line num="47" count="1" type="stmt"/>
      </file>
    </package>
  </project>
</coverage>
