{"/media/deepx/deepx/documents/projects/@fastest-express-validator/src/index.ts": {"path":"/media/deepx/deepx/documents/projects/@fastest-express-validator/src/index.ts","statementMap":{"0":{"start":{"line":2,"column":0},"end":{"line":2,"column":62}},"1":{"start":{"line":3,"column":0},"end":{"line":3,"column":108}},"2":{"start":{"line":4,"column":16},"end":{"line":4,"column":32}},"3":{"start":{"line":5,"column":28},"end":{"line":5,"column":81}},"4":{"start":{"line":6,"column":19},"end":{"line":10,"column":1}},"5":{"start":{"line":7,"column":4},"end":{"line":9,"column":6}},"6":{"start":{"line":8,"column":8},"end":{"line":8,"column":39}},"7":{"start":{"line":11,"column":32},"end":{"line":17,"column":1}},"8":{"start":{"line":12,"column":4},"end":{"line":16,"column":34}},"9":{"start":{"line":18,"column":21},"end":{"line":21,"column":2}},"10":{"start":{"line":18,"column":48},"end":{"line":21,"column":2}},"11":{"start":{"line":22,"column":0},"end":{"line":22,"column":36}},"12":{"start":{"line":23,"column":0},"end":{"line":28,"column":2}},"13":{"start":{"line":29,"column":24},"end":{"line":65,"column":1}},"14":{"start":{"line":33,"column":4},"end":{"line":64,"column":7}},"15":{"start":{"line":34,"column":63},"end":{"line":34,"column":78}},"16":{"start":{"line":35,"column":26},"end":{"line":35,"column":69}},"17":{"start":{"line":36,"column":20},"end":{"line":40,"column":9}},"18":{"start":{"line":41,"column":8},"end":{"line":62,"column":9}},"19":{"start":{"line":42,"column":12},"end":{"line":52,"column":13}},"20":{"start":{"line":43,"column":16},"end":{"line":44,"column":53}},"21":{"start":{"line":44,"column":20},"end":{"line":44,"column":53}},"22":{"start":{"line":45,"column":33},"end":{"line":45,"column":80}},"23":{"start":{"line":46,"column":16},"end":{"line":51,"column":23}},"24":{"start":{"line":47,"column":20},"end":{"line":51,"column":23}},"25":{"start":{"line":55,"column":12},"end":{"line":56,"column":49}},"26":{"start":{"line":56,"column":16},"end":{"line":56,"column":49}},"27":{"start":{"line":57,"column":29},"end":{"line":57,"column":79}},"28":{"start":{"line":58,"column":12},"end":{"line":61,"column":87}},"29":{"start":{"line":59,"column":16},"end":{"line":61,"column":87}},"30":{"start":{"line":63,"column":8},"end":{"line":63,"column":15}},"31":{"start":{"line":66,"column":0},"end":{"line":66,"column":42}},"32":{"start":{"line":67,"column":29},"end":{"line":67,"column":142}},"33":{"start":{"line":67,"column":64},"end":{"line":67,"column":142}},"34":{"start":{"line":68,"column":0},"end":{"line":68,"column":52}}},"fnMap":{"0":{"name":"(anonymous_0)","decl":{"start":{"line":6,"column":19},"end":{"line":6,"column":20}},"loc":{"start":{"line":6,"column":27},"end":{"line":10,"column":1}},"line":6},"1":{"name":"(anonymous_1)","decl":{"start":{"line":7,"column":11},"end":{"line":7,"column":12}},"loc":{"start":{"line":7,"column":31},"end":{"line":9,"column":5}},"line":7},"2":{"name":"(anonymous_2)","decl":{"start":{"line":11,"column":32},"end":{"line":11,"column":33}},"loc":{"start":{"line":11,"column":44},"end":{"line":17,"column":1}},"line":11},"3":{"name":"(anonymous_3)","decl":{"start":{"line":18,"column":21},"end":{"line":18,"column":22}},"loc":{"start":{"line":18,"column":48},"end":{"line":21,"column":2}},"line":18},"4":{"name":"(anonymous_4)","decl":{"start":{"line":29,"column":24},"end":{"line":29,"column":25}},"loc":{"start":{"line":32,"column":29},"end":{"line":65,"column":1}},"line":32},"5":{"name":"(anonymous_5)","decl":{"start":{"line":33,"column":22},"end":{"line":33,"column":23}},"loc":{"start":{"line":33,"column":48},"end":{"line":64,"column":5}},"line":33},"6":{"name":"(anonymous_6)","decl":{"start":{"line":67,"column":29},"end":{"line":67,"column":30}},"loc":{"start":{"line":67,"column":64},"end":{"line":67,"column":142}},"line":67}},"branchMap":{"0":{"loc":{"start":{"line":12,"column":12},"end":{"line":16,"column":32}},"type":"binary-expr","locations":[{"start":{"line":12,"column":12},"end":{"line":12,"column":38}},{"start":{"line":13,"column":9},"end":{"line":13,"column":25}},{"start":{"line":14,"column":12},"end":{"line":14,"column":30}},{"start":{"line":15,"column":12},"end":{"line":15,"column":29}},{"start":{"line":16,"column":12},"end":{"line":16,"column":31}}],"line":12},"1":{"loc":{"start":{"line":18,"column":22},"end":{"line":18,"column":43}},"type":"default-arg","locations":[{"start":{"line":18,"column":41},"end":{"line":18,"column":43}}],"line":18},"2":{"loc":{"start":{"line":29,"column":33},"end":{"line":32,"column":1}},"type":"default-arg","locations":[{"start":{"line":29,"column":51},"end":{"line":32,"column":1}}],"line":29},"3":{"loc":{"start":{"line":32,"column":3},"end":{"line":32,"column":24}},"type":"default-arg","locations":[{"start":{"line":32,"column":22},"end":{"line":32,"column":24}}],"line":32},"4":{"loc":{"start":{"line":34,"column":16},"end":{"line":34,"column":36}},"type":"default-arg","locations":[{"start":{"line":34,"column":31},"end":{"line":34,"column":36}}],"line":34},"5":{"loc":{"start":{"line":34,"column":38},"end":{"line":34,"column":58}},"type":"default-arg","locations":[{"start":{"line":34,"column":52},"end":{"line":34,"column":58}}],"line":34},"6":{"loc":{"start":{"line":41,"column":8},"end":{"line":62,"column":9}},"type":"if","locations":[{"start":{"line":41,"column":8},"end":{"line":62,"column":9}},{"start":{"line":54,"column":13},"end":{"line":62,"column":9}}],"line":41},"7":{"loc":{"start":{"line":41,"column":12},"end":{"line":41,"column":59}},"type":"binary-expr","locations":[{"start":{"line":41,"column":12},"end":{"line":41,"column":24}},{"start":{"line":41,"column":28},"end":{"line":41,"column":59}}],"line":41},"8":{"loc":{"start":{"line":43,"column":16},"end":{"line":44,"column":53}},"type":"if","locations":[{"start":{"line":43,"column":16},"end":{"line":44,"column":53}},{"start":{},"end":{}}],"line":43},"9":{"loc":{"start":{"line":46,"column":16},"end":{"line":51,"column":23}},"type":"if","locations":[{"start":{"line":46,"column":16},"end":{"line":51,"column":23}},{"start":{},"end":{}}],"line":46},"10":{"loc":{"start":{"line":55,"column":12},"end":{"line":56,"column":49}},"type":"if","locations":[{"start":{"line":55,"column":12},"end":{"line":56,"column":49}},{"start":{},"end":{}}],"line":55},"11":{"loc":{"start":{"line":58,"column":12},"end":{"line":61,"column":87}},"type":"if","locations":[{"start":{"line":58,"column":12},"end":{"line":61,"column":87}},{"start":{},"end":{}}],"line":58},"12":{"loc":{"start":{"line":67,"column":38},"end":{"line":67,"column":59}},"type":"default-arg","locations":[{"start":{"line":67,"column":57},"end":{"line":67,"column":59}}],"line":67}},"s":{"0":1,"1":1,"2":1,"3":1,"4":1,"5":5,"6":11,"7":1,"8":5,"9":1,"10":11,"11":1,"12":1,"13":1,"14":5,"15":11,"16":11,"17":11,"18":11,"19":5,"20":7,"21":0,"22":7,"23":7,"24":3,"25":6,"26":0,"27":6,"28":6,"29":3,"30":5,"31":1,"32":1,"33":2,"34":1},"f":{"0":5,"1":11,"2":5,"3":11,"4":5,"5":11,"6":2},"b":{"0":[5,5,2,0,0],"1":[0],"2":[1],"3":[3],"4":[3],"5":[5],"6":[5,6],"7":[11,5],"8":[0,7],"9":[3,4],"10":[0,6],"11":[3,3],"12":[2]},"_coverageSchema":"1a1c01bbd47fc00a2c39e90264f33305004495a9","hash":"2e57d460059f013424586f5386d8c0761909ca69"}
,"/media/deepx/deepx/documents/projects/@fastest-express-validator/src/tests/app.mock.ts": {"path":"/media/deepx/deepx/documents/projects/@fastest-express-validator/src/tests/app.mock.ts","statementMap":{"0":{"start":{"line":2,"column":0},"end":{"line":2,"column":62}},"1":{"start":{"line":3,"column":16},"end":{"line":3,"column":32}},"2":{"start":{"line":4,"column":22},"end":{"line":4,"column":69}},"3":{"start":{"line":5,"column":17},"end":{"line":19,"column":1}},"4":{"start":{"line":20,"column":0},"end":{"line":20,"column":27}}},"fnMap":{},"branchMap":{},"s":{"0":1,"1":1,"2":1,"3":1,"4":1},"f":{},"b":{},"_coverageSchema":"1a1c01bbd47fc00a2c39e90264f33305004495a9","hash":"7c7061de3e7ca11314769535dd5d82f93356fc7e"}
,"/media/deepx/deepx/documents/projects/@fastest-express-validator/src/tests/app.ts": {"path":"/media/deepx/deepx/documents/projects/@fastest-express-validator/src/tests/app.ts","statementMap":{"0":{"start":{"line":2,"column":0},"end":{"line":2,"column":62}},"1":{"start":{"line":3,"column":16},"end":{"line":3,"column":32}},"2":{"start":{"line":4,"column":22},"end":{"line":4,"column":69}},"3":{"start":{"line":5,"column":18},"end":{"line":5,"column":61}},"4":{"start":{"line":6,"column":31},"end":{"line":6,"column":64}},"5":{"start":{"line":7,"column":12},"end":{"line":7,"column":36}},"6":{"start":{"line":8,"column":0},"end":{"line":8,"column":28}},"7":{"start":{"line":9,"column":0},"end":{"line":9,"column":34}},"8":{"start":{"line":10,"column":0},"end":{"line":10,"column":58}},"9":{"start":{"line":11,"column":21},"end":{"line":14,"column":1}},"10":{"start":{"line":12,"column":17},"end":{"line":12,"column":70}},"11":{"start":{"line":13,"column":4},"end":{"line":13,"column":96}},"12":{"start":{"line":15,"column":0},"end":{"line":20,"column":3}},"13":{"start":{"line":16,"column":21},"end":{"line":16,"column":30}},"14":{"start":{"line":17,"column":4},"end":{"line":19,"column":7}},"15":{"start":{"line":21,"column":0},"end":{"line":29,"column":3}},"16":{"start":{"line":22,"column":42},"end":{"line":22,"column":50}},"17":{"start":{"line":23,"column":27},"end":{"line":23,"column":49}},"18":{"start":{"line":24,"column":4},"end":{"line":28,"column":7}},"19":{"start":{"line":30,"column":0},"end":{"line":35,"column":3}},"20":{"start":{"line":31,"column":19},"end":{"line":31,"column":29}},"21":{"start":{"line":32,"column":4},"end":{"line":34,"column":7}},"22":{"start":{"line":36,"column":0},"end":{"line":46,"column":3}},"23":{"start":{"line":37,"column":42},"end":{"line":37,"column":50}},"24":{"start":{"line":38,"column":26},"end":{"line":38,"column":35}},"25":{"start":{"line":39,"column":27},"end":{"line":39,"column":49}},"26":{"start":{"line":40,"column":4},"end":{"line":45,"column":7}},"27":{"start":{"line":47,"column":0},"end":{"line":51,"column":3}},"28":{"start":{"line":48,"column":24},"end":{"line":48,"column":35}},"29":{"start":{"line":49,"column":19},"end":{"line":49,"column":29}},"30":{"start":{"line":50,"column":4},"end":{"line":50,"column":42}},"31":{"start":{"line":52,"column":0},"end":{"line":52,"column":22}}},"fnMap":{"0":{"name":"(anonymous_0)","decl":{"start":{"line":11,"column":21},"end":{"line":11,"column":22}},"loc":{"start":{"line":11,"column":35},"end":{"line":14,"column":1}},"line":11},"1":{"name":"(anonymous_1)","decl":{"start":{"line":15,"column":51},"end":{"line":15,"column":52}},"loc":{"start":{"line":15,"column":65},"end":{"line":20,"column":1}},"line":15},"2":{"name":"(anonymous_2)","decl":{"start":{"line":21,"column":56},"end":{"line":21,"column":57}},"loc":{"start":{"line":21,"column":70},"end":{"line":29,"column":1}},"line":21},"3":{"name":"(anonymous_3)","decl":{"start":{"line":30,"column":63},"end":{"line":30,"column":64}},"loc":{"start":{"line":30,"column":77},"end":{"line":35,"column":1}},"line":30},"4":{"name":"(anonymous_4)","decl":{"start":{"line":36,"column":61},"end":{"line":36,"column":62}},"loc":{"start":{"line":36,"column":75},"end":{"line":46,"column":1}},"line":36},"5":{"name":"(anonymous_5)","decl":{"start":{"line":47,"column":70},"end":{"line":47,"column":71}},"loc":{"start":{"line":47,"column":84},"end":{"line":51,"column":1}},"line":47}},"branchMap":{},"s":{"0":1,"1":1,"2":1,"3":1,"4":1,"5":1,"6":1,"7":1,"8":1,"9":1,"10":2,"11":2,"12":1,"13":1,"14":1,"15":1,"16":1,"17":1,"18":1,"19":1,"20":1,"21":1,"22":1,"23":1,"24":1,"25":1,"26":1,"27":1,"28":1,"29":1,"30":1,"31":1},"f":{"0":2,"1":1,"2":1,"3":1,"4":1,"5":1},"b":{},"_coverageSchema":"1a1c01bbd47fc00a2c39e90264f33305004495a9","hash":"e58ec59eb2d01988a6580f86292f40708e8aaed4"}
,"/media/deepx/deepx/documents/projects/@fastest-express-validator/src/tests/validationMiddleware.ts": {"path":"/media/deepx/deepx/documents/projects/@fastest-express-validator/src/tests/validationMiddleware.ts","statementMap":{"0":{"start":{"line":2,"column":0},"end":{"line":2,"column":62}},"1":{"start":{"line":3,"column":0},"end":{"line":3,"column":137}},"2":{"start":{"line":4,"column":12},"end":{"line":4,"column":25}},"3":{"start":{"line":5,"column":20},"end":{"line":8,"column":1}},"4":{"start":{"line":9,"column":19},"end":{"line":14,"column":1}},"5":{"start":{"line":15,"column":21},"end":{"line":18,"column":1}},"6":{"start":{"line":19,"column":20},"end":{"line":30,"column":1}},"7":{"start":{"line":31,"column":26},"end":{"line":38,"column":1}},"8":{"start":{"line":39,"column":0},"end":{"line":41,"column":3}},"9":{"start":{"line":42,"column":0},"end":{"line":42,"column":60}},"10":{"start":{"line":43,"column":0},"end":{"line":45,"column":3}},"11":{"start":{"line":46,"column":0},"end":{"line":46,"column":70}},"12":{"start":{"line":47,"column":0},"end":{"line":47,"column":80}}},"fnMap":{},"branchMap":{},"s":{"0":1,"1":1,"2":1,"3":1,"4":1,"5":1,"6":1,"7":1,"8":1,"9":1,"10":1,"11":1,"12":1},"f":{},"b":{},"_coverageSchema":"1a1c01bbd47fc00a2c39e90264f33305004495a9","hash":"50ba7156d66634f05e5b5fccb20443c067eef118"}
}
