TN:
SF:src/index.ts
FN:6,(anonymous_0)
FN:7,(anonymous_1)
FN:11,(anonymous_2)
FN:18,(anonymous_3)
FN:29,(anonymous_4)
FN:33,(anonymous_5)
FN:67,(anonymous_6)
FNF:7
FNH:7
FNDA:5,(anonymous_0)
FNDA:11,(anonymous_1)
FNDA:5,(anonymous_2)
FNDA:11,(anonymous_3)
FNDA:5,(anonymous_4)
FNDA:11,(anonymous_5)
FNDA:2,(anonymous_6)
DA:2,1
DA:3,1
DA:4,1
DA:5,1
DA:6,1
DA:7,5
DA:8,11
DA:11,1
DA:12,5
DA:18,11
DA:22,1
DA:23,1
DA:29,1
DA:33,5
DA:34,11
DA:35,11
DA:36,11
DA:41,11
DA:42,5
DA:43,7
DA:44,0
DA:45,7
DA:46,7
DA:47,3
DA:55,6
DA:56,0
DA:57,6
DA:58,6
DA:59,3
DA:63,5
DA:66,1
DA:67,2
DA:68,1
LF:33
LH:31
BRDA:12,0,0,5
BRDA:12,0,1,5
BRDA:12,0,2,2
BRDA:12,0,3,0
BRDA:12,0,4,0
BRDA:18,1,0,0
BRDA:29,2,0,1
BRDA:32,3,0,3
BRDA:34,4,0,3
BRDA:34,5,0,5
BRDA:41,6,0,5
BRDA:41,6,1,6
BRDA:41,7,0,11
BRDA:41,7,1,5
BRDA:43,8,0,0
BRDA:43,8,1,7
BRDA:46,9,0,3
BRDA:46,9,1,4
BRDA:55,10,0,0
BRDA:55,10,1,6
BRDA:58,11,0,3
BRDA:58,11,1,3
BRDA:67,12,0,2
BRF:23
BRH:18
end_of_record
TN:
SF:src/tests/app.mock.ts
FNF:0
FNH:0
DA:2,1
DA:3,1
DA:4,1
DA:5,1
DA:20,1
LF:5
LH:5
BRF:0
BRH:0
end_of_record
TN:
SF:src/tests/app.ts
FN:11,(anonymous_0)
FN:15,(anonymous_1)
FN:21,(anonymous_2)
FN:30,(anonymous_3)
FN:36,(anonymous_4)
FN:47,(anonymous_5)
FNF:6
FNH:6
FNDA:2,(anonymous_0)
FNDA:1,(anonymous_1)
FNDA:1,(anonymous_2)
FNDA:1,(anonymous_3)
FNDA:1,(anonymous_4)
FNDA:1,(anonymous_5)
DA:2,1
DA:3,1
DA:4,1
DA:5,1
DA:6,1
DA:7,1
DA:8,1
DA:9,1
DA:10,1
DA:11,1
DA:12,2
DA:13,2
DA:15,1
DA:16,1
DA:17,1
DA:21,1
DA:22,1
DA:23,1
DA:24,1
DA:30,1
DA:31,1
DA:32,1
DA:36,1
DA:37,1
DA:38,1
DA:39,1
DA:40,1
DA:47,1
DA:48,1
DA:49,1
DA:50,1
DA:52,1
LF:32
LH:32
BRF:0
BRH:0
end_of_record
TN:
SF:src/tests/validationMiddleware.ts
FNF:0
FNH:0
DA:2,1
DA:3,1
DA:4,1
DA:5,1
DA:9,1
DA:15,1
DA:19,1
DA:31,1
DA:39,1
DA:42,1
DA:43,1
DA:46,1
DA:47,1
LF:13
LH:13
BRF:0
BRH:0
end_of_record
